Base path: '/Applications/Unity/Hub/Editor/2019.4.9f1/Unity.app/Contents', plugins path '/Applications/Unity/Hub/Editor/2019.4.9f1/Unity.app/Contents/PlaybackEngines'
Cmd: initializeCompiler
Cmd: compileComputeKernel
  api=14 insize=18731 outsize=11282 ok=1
Cmd: translateComputeKernel
  api=14 insize=11447 outsize=25070 ok=1
Cmd: compileComputeKernel
  api=14 insize=12109 outsize=2827 ok=1
Cmd: compileComputeKernel
  api=14 insize=12109 outsize=4103 ok=1
Cmd: translateComputeKernel
  api=14 insize=3781 outsize=4032 ok=1
Cmd: translateComputeKernel
  api=14 insize=3256 outsize=3345 ok=1
Cmd: compileComputeKernel
  api=14 insize=11985 outsize=2853 ok=1
Cmd: compileComputeKernel
  api=14 insize=11985 outsize=2853 ok=1
Cmd: compileComputeKernel
  api=14 insize=11985 outsize=2882 ok=1
Cmd: translateComputeKernel
  api=14 insize=3363 outsize=4172 ok=1
Cmd: translateComputeKernel
  api=14 insize=2952 outsize=3432 ok=1
Cmd: translateComputeKernel
  api=14 insize=3074 outsize=3648 ok=1
Cmd: compileComputeKernel
  api=14 insize=18301 outsize=4919 ok=1
Cmd: translateComputeKernel
  api=14 insize=3991 outsize=5344 ok=1
Cmd: translateComputeKernel
  api=14 insize=7525 outsize=13082 ok=1
Cmd: translateComputeKernel
  api=14 insize=10700 outsize=18707 ok=1
Cmd: compileComputeKernel
  api=14 insize=66874 outsize=15531 ok=1
Cmd: compileComputeKernel
  api=14 insize=66874 outsize=3442 ok=1
Cmd: compileComputeKernel
  api=14 insize=66874 outsize=3453 ok=1
Cmd: compileComputeKernel
  api=14 insize=66874 outsize=3443 ok=1
Cmd: compileComputeKernel
  api=14 insize=66874 outsize=3712 ok=1
Cmd: compileComputeKernel
  api=14 insize=66874 outsize=4491 ok=1
Cmd: compileComputeKernel
  api=14 insize=66874 outsize=4080 ok=1
Cmd: compileComputeKernel
  api=14 insize=66874 outsize=4230 ok=1
Cmd: compileComputeKernel
  api=14 insize=66874 outsize=3474 ok=1
Cmd: compileComputeKernel
  api=14 insize=66874 outsize=3581 ok=1
Cmd: compileComputeKernel
  api=14 insize=66874 outsize=3053 ok=1
Cmd: translateComputeKernel
  api=14 insize=5598 outsize=6740 ok=1
Cmd: translateComputeKernel
  api=14 insize=4447 outsize=4372 ok=1
Cmd: translateComputeKernel
  api=14 insize=4273 outsize=4017 ok=1
Cmd: translateComputeKernel
  api=14 insize=4806 outsize=5538 ok=1
Cmd: translateComputeKernel
  api=14 insize=6155 outsize=7492 ok=1
Cmd: translateComputeKernel
  api=14 insize=4333 outsize=4054 ok=1
Cmd: translateComputeKernel
  api=14 insize=4228 outsize=3945 ok=1
Cmd: translateComputeKernel
  api=14 insize=4124 outsize=3748 ok=1
Cmd: translateComputeKernel
  api=14 insize=4141 outsize=3771 ok=1
Cmd: translateComputeKernel
  api=14 insize=4698 outsize=4961 ok=1
Cmd: translateComputeKernel
  api=14 insize=4698 outsize=4965 ok=1
Cmd: translateComputeKernel
  api=14 insize=4727 outsize=5004 ok=1
Cmd: translateComputeKernel
  api=14 insize=4877 outsize=5255 ok=1
Cmd: translateComputeKernel
  api=14 insize=4154 outsize=3873 ok=1
Cmd: translateComputeKernel
  api=14 insize=4881 outsize=5400 ok=1
Cmd: translateComputeKernel
  api=14 insize=4234 outsize=3913 ok=1
Cmd: translateComputeKernel
  api=14 insize=4181 outsize=3801 ok=1
Cmd: translateComputeKernel
  api=14 insize=4195 outsize=3905 ok=1
Cmd: compileComputeKernel
  api=14 insize=72903 outsize=9640 ok=1
Cmd: translateComputeKernel
  api=14 insize=14069 outsize=26750 ok=1
Cmd: compileComputeKernel
  api=14 insize=34089 outsize=2149 ok=1
Cmd: compileComputeKernel
  api=14 insize=34089 outsize=2152 ok=1
Cmd: compileComputeKernel
  api=14 insize=34089 outsize=2409 ok=1
Cmd: compileComputeKernel
  api=14 insize=34089 outsize=2225 ok=1
Cmd: compileComputeKernel
  api=14 insize=34089 outsize=2173 ok=1
Cmd: compileComputeKernel
  api=14 insize=34089 outsize=1228 ok=1
Cmd: compileComputeKernel
  api=14 insize=34089 outsize=2793 ok=1
Cmd: compileComputeKernel
  api=14 insize=34089 outsize=2969 ok=1
Cmd: compileComputeKernel
  api=14 insize=34089 outsize=2937 ok=1
Cmd: compileComputeKernel
  api=14 insize=34089 outsize=2720 ok=1
Cmd: compileComputeKernel
  api=14 insize=34089 outsize=2841 ok=1
Cmd: compileComputeKernel
  api=14 insize=34089 outsize=2796 ok=1
Cmd: translateComputeKernel
  api=14 insize=2342 outsize=2036 ok=1
Cmd: translateComputeKernel
  api=14 insize=2378 outsize=2072 ok=1
Cmd: translateComputeKernel
  api=14 insize=2426 outsize=2153 ok=1
Cmd: translateComputeKernel
  api=14 insize=2552 outsize=2383 ok=1
Cmd: translateComputeKernel
  api=14 insize=2401 outsize=2145 ok=1
Cmd: translateComputeKernel
  api=14 insize=2735 outsize=2625 ok=1
Cmd: translateComputeKernel
  api=14 insize=3527 outsize=4297 ok=1
Cmd: translateComputeKernel
  api=14 insize=3002 outsize=3287 ok=1
Cmd: translateComputeKernel
  api=14 insize=3045 outsize=3516 ok=1
Cmd: translateComputeKernel
  api=14 insize=2944 outsize=3196 ok=1
Cmd: translateComputeKernel
  api=14 insize=2949 outsize=3371 ok=1
Cmd: compileComputeKernel
  api=14 insize=79248 outsize=4223 ok=1
Cmd: compileComputeKernel
  api=14 insize=79248 outsize=23485 ok=1
Cmd: compileComputeKernel
  api=14 insize=79248 outsize=5824 ok=1
Cmd: compileComputeKernel
  api=14 insize=79248 outsize=5824 ok=1
Cmd: compileComputeKernel
  api=14 insize=79248 outsize=4508 ok=1
Cmd: compileComputeKernel
  api=14 insize=79248 outsize=4508 ok=1
Cmd: compileComputeKernel
  api=14 insize=79248 outsize=5149 ok=1
Cmd: compileComputeKernel
  api=14 insize=79248 outsize=3245 ok=1
Cmd: compileComputeKernel
  api=14 insize=79248 outsize=14212 ok=1
Cmd: translateComputeKernel
  api=14 insize=9346 outsize=17944 ok=1
Cmd: translateComputeKernel
  api=14 insize=23596 outsize=49123 ok=1
Cmd: translateComputeKernel
  api=14 insize=5858 outsize=9649 ok=1
Cmd: translateComputeKernel
  api=14 insize=5183 outsize=8954 ok=1
Cmd: translateComputeKernel
  api=14 insize=14277 outsize=27203 ok=1
Cmd: compileComputeKernel
  api=14 insize=4442 outsize=3014 ok=1
Cmd: translateComputeKernel
  api=14 insize=3072 outsize=3951 ok=1
Cmd: compileSnippet
  api=14 type=0 insize=1302 outsize=3968 kw=UNITY_PASS_SHADOWCASTER SHADOWS_DEPTH INSTANCING_ON pd=UNITY_ENABLE_REFLECTION_BUFFERS UNITY_USE_DITHER_MASK_FOR_ALPHABLENDED_SHADOWS UNITY_PBS_USE_BRDF1 UNITY_SPECCUBE_BOX_PROJECTION UNITY_SPECCUBE_BLENDING UNITY_ENABLE_DETAIL_NORMALMAP SHADER_API_DESKTOP UNITY_COLORSPACE_GAMMA UNITY_LIGHT_PROBE_PROXY_VOLUME UNITY_LIGHTMAP_FULL_HDR ok=1
Cmd: compileSnippet
  api=14 type=1 insize=11846 outsize=11918 kw=SHADOWS_SPLIT_SPHERES pd=UNITY_ENABLE_REFLECTION_BUFFERS UNITY_USE_DITHER_MASK_FOR_ALPHABLENDED_SHADOWS UNITY_PBS_USE_BRDF1 UNITY_SPECCUBE_BOX_PROJECTION UNITY_SPECCUBE_BLENDING UNITY_ENABLE_DETAIL_NORMALMAP SHADER_API_DESKTOP UNITY_COLORSPACE_GAMMA UNITY_LIGHT_PROBE_PROXY_VOLUME UNITY_LIGHTMAP_FULL_HDR ok=1
Cmd: compileSnippet
  api=14 type=1 insize=4765 outsize=2674 kw= pd=UNITY_ENABLE_REFLECTION_BUFFERS UNITY_USE_DITHER_MASK_FOR_ALPHABLENDED_SHADOWS UNITY_PBS_USE_BRDF1 UNITY_SPECCUBE_BOX_PROJECTION UNITY_SPECCUBE_BLENDING UNITY_ENABLE_DETAIL_NORMALMAP SHADER_API_DESKTOP UNITY_COLORSPACE_GAMMA UNITY_LIGHT_PROBE_PROXY_VOLUME UNITY_LIGHTMAP_FULL_HDR ok=1
Cmd: compileSnippet
  api=14 type=1 insize=4008 outsize=14022 kw=FXAA_LOW pd=UNITY_ENABLE_REFLECTION_BUFFERS UNITY_USE_DITHER_MASK_FOR_ALPHABLENDED_SHADOWS UNITY_PBS_USE_BRDF1 UNITY_SPECCUBE_BOX_PROJECTION UNITY_SPECCUBE_BLENDING UNITY_ENABLE_DETAIL_NORMALMAP SHADER_API_DESKTOP UNITY_COLORSPACE_GAMMA UNITY_LIGHT_PROBE_PROXY_VOLUME UNITY_LIGHTMAP_FULL_HDR ok=1

Quitting shader compiler process
