Unity Editor version:    2022.3.9f1 (ea401c316338)
Branch:                  2022.3/staging
Build type:              Release
Batch mode:              YES
macOS version:           Version 13.3.1 (Build 22E261)
Darwin version:          22.4.0
Architecture:            arm64
Running under Rosetta:   NO
Available memory:        16384 MB
Using pre-set license
Pro License: YES

COMMAND LINE ARGUMENTS:
/Applications/Unity/Hub/Editor/2022.3.9f1/Unity.app/Contents/MacOS/Unity
-adb2
-batchMode
-noUpm
-name
AssetImportWorker1
-projectPath
/Users/leonardoblas/Desktop/driving-simulator 2/3D
-logFile
Logs/AssetImportWorker1.log
-srvPort
58749
Successfully changed project path to: /Users/leonardoblas/Desktop/driving-simulator 2/3D
/Users/leonardoblas/Desktop/driving-simulator 2/3D
[UnityMemory] Configuration Parameters - Can be set up in boot.config
    "memorysetup-bucket-allocator-granularity=16"
    "memorysetup-bucket-allocator-bucket-count=8"
    "memorysetup-bucket-allocator-block-size=33554432"
    "memorysetup-bucket-allocator-block-count=8"
    "memorysetup-main-allocator-block-size=16777216"
    "memorysetup-thread-allocator-block-size=16777216"
    "memorysetup-gfx-main-allocator-block-size=16777216"
    "memorysetup-gfx-thread-allocator-block-size=16777216"
    "memorysetup-cache-allocator-block-size=4194304"
    "memorysetup-typetree-allocator-block-size=2097152"
    "memorysetup-profiler-bucket-allocator-granularity=16"
    "memorysetup-profiler-bucket-allocator-bucket-count=8"
    "memorysetup-profiler-bucket-allocator-block-size=33554432"
    "memorysetup-profiler-bucket-allocator-block-count=8"
    "memorysetup-profiler-allocator-block-size=16777216"
    "memorysetup-profiler-editor-allocator-block-size=1048576"
    "memorysetup-temp-allocator-size-main=16777216"
    "memorysetup-job-temp-allocator-block-size=2097152"
    "memorysetup-job-temp-allocator-block-size-background=1048576"
    "memorysetup-job-temp-allocator-reduction-small-platforms=262144"
    "memorysetup-allocator-temp-initial-block-size-main=262144"
    "memorysetup-allocator-temp-initial-block-size-worker=262144"
    "memorysetup-temp-allocator-size-background-worker=32768"
    "memorysetup-temp-allocator-size-job-worker=262144"
    "memorysetup-temp-allocator-size-preload-manager=33554432"
    "memorysetup-temp-allocator-size-nav-mesh-worker=65536"
    "memorysetup-temp-allocator-size-audio-worker=65536"
    "memorysetup-temp-allocator-size-cloud-worker=32768"
    "memorysetup-temp-allocator-size-gi-baking-worker=262144"
    "memorysetup-temp-allocator-size-gfx=262144"
Player connection [8607423296] Host "[IP] 192.168.5.88 [Port] 0 [Flags] 2 [Guid] 3745552822 [EditorId] 3745552822 [Version] 1048832 [Id] OSXEditor(0,Leonardos-Laptop.local) [Debug] 1 [PackageName] OSXEditor [ProjectName] Editor" joined multi-casting on [225.0.0.222:54997]...

Player connection [8607423296] Host "[IP] 192.168.5.88 [Port] 0 [Flags] 2 [Guid] 3745552822 [EditorId] 3745552822 [Version] 1048832 [Id] OSXEditor(0,Leonardos-Laptop.local) [Debug] 1 [PackageName] OSXEditor [ProjectName] Editor" joined alternative multi-casting on [225.0.0.222:34997]...

[Physics::Module] Initialized MultithreadedJobDispatcher with 9 workers.
Refreshing native plugins compatible for Editor in 20.40 ms, found 2 plugins.
Preloading 0 native plugins for Editor in 0.00 ms.
Initialize engine version: 2022.3.9f1 (ea401c316338)
[Subsystems] Discovering subsystems at path /Applications/Unity/Hub/Editor/2022.3.9f1/Unity.app/Contents/Resources/UnitySubsystems
[Subsystems] Discovering subsystems at path /Users/leonardoblas/Desktop/driving-simulator 2/3D/Assets
GfxDevice: creating device client; threaded=0; jobified=0
 preferred device: Apple M1 Pro (high power)
Metal devices available: 1
0: Apple M1 Pro (high power)
Using device Apple M1 Pro (high power)
Initializing Metal device caps: Apple M1 Pro
Initialize mono
Mono path[0] = '/Applications/Unity/Hub/Editor/2022.3.9f1/Unity.app/Contents/Managed'
Mono path[1] = '/Applications/Unity/Hub/Editor/2022.3.9f1/Unity.app/Contents/MonoBleedingEdge/lib/mono/unityjit-macos'
Mono config path = '/Applications/Unity/Hub/Editor/2022.3.9f1/Unity.app/Contents/MonoBleedingEdge/etc'
Using monoOptions --debugger-agent=transport=dt_socket,embedding=1,server=y,suspend=n,address=127.0.0.1:56044
Begin MonoManager ReloadAssembly
Registering precompiled unity dll's ...
Register platform support module: /Applications/Unity/Hub/Editor/2022.3.9f1/Unity.app/Contents/PlaybackEngines/MacStandaloneSupport/UnityEditor.OSXStandalone.Extensions.dll
Register platform support module: /Applications/Unity/Hub/Editor/2022.3.9f1/PlaybackEngines/LinuxStandaloneSupport/UnityEditor.LinuxStandalone.Extensions.dll
Registered in 0.005951 seconds.
- Loaded All Assemblies, in  0.273 seconds
Native extension for LinuxStandalone target not found
Native extension for OSXStandalone target not found
Mono: successfully reloaded assembly
- Finished resetting the current domain, in  0.171 seconds
Domain Reload Profiling: 444ms
	BeginReloadAssembly (99ms)
		ExecutionOrderSort (0ms)
		DisableScriptedObjects (0ms)
		BackupInstance (0ms)
		ReleaseScriptingObjects (0ms)
		CreateAndSetChildDomain (0ms)
	RebuildCommonClasses (26ms)
	RebuildNativeTypeToScriptingClass (8ms)
	initialDomainReloadingComplete (35ms)
	LoadAllAssembliesAndSetupDomain (105ms)
		LoadAssemblies (99ms)
		RebuildTransferFunctionScriptingTraits (0ms)
		AnalyzeDomain (103ms)
			TypeCache.Refresh (93ms)
				TypeCache.ScanAssembly (83ms)
			ScanForSourceGeneratedMonoScriptInfo (0ms)
			ResolveRequiredComponents (0ms)
	FinalizeReload (171ms)
		ReleaseScriptCaches (0ms)
		RebuildScriptCaches (0ms)
		SetupLoadedEditorAssemblies (131ms)
			LogAssemblyErrors (0ms)
			InitializePlatformSupportModulesInManaged (28ms)
			SetLoadedEditorAssemblies (4ms)
			RefreshPlugins (0ms)
			BeforeProcessingInitializeOnLoad (1ms)
			ProcessInitializeOnLoadAttributes (73ms)
			ProcessInitializeOnLoadMethodAttributes (25ms)
			AfterProcessingInitializeOnLoad (0ms)
			EditorAssembliesLoaded (0ms)
		ExecutionOrderSort2 (0ms)
		AwakeInstancesAfterBackupRestoration (0ms)
========================================================================
Worker process is ready to serve import requests
Begin MonoManager ReloadAssembly
Symbol file LoadedFromMemory is not a mono symbol file
- Loaded All Assemblies, in  0.452 seconds
Refreshing native plugins compatible for Editor in 1.61 ms, found 2 plugins.
Native extension for LinuxStandalone target not found
Native extension for OSXStandalone target not found
[MODES] ModeService[none].Initialize
[MODES] ModeService[none].LoadModes
[MODES] Loading mode Default (0) for mode-current-id-3D
Package Manager log level set to [2]
[Package Manager] Server::EnsureServerProcessIsRunning -- launch failed, reason: Unity was launched with the -noUpm command-line argument
[Package Manager] UpmClient::Send -- Unable to send message (not connected to UPM process).
[Package Manager] Cannot connect to Unity Package Manager local server
Mono: successfully reloaded assembly
- Finished resetting the current domain, in  0.416 seconds
Domain Reload Profiling: 869ms
	BeginReloadAssembly (83ms)
		ExecutionOrderSort (0ms)
		DisableScriptedObjects (3ms)
		BackupInstance (0ms)
		ReleaseScriptingObjects (0ms)
		CreateAndSetChildDomain (17ms)
	RebuildCommonClasses (25ms)
	RebuildNativeTypeToScriptingClass (8ms)
	initialDomainReloadingComplete (32ms)
	LoadAllAssembliesAndSetupDomain (306ms)
		LoadAssemblies (222ms)
		RebuildTransferFunctionScriptingTraits (0ms)
		AnalyzeDomain (121ms)
			TypeCache.Refresh (106ms)
				TypeCache.ScanAssembly (89ms)
			ScanForSourceGeneratedMonoScriptInfo (12ms)
			ResolveRequiredComponents (3ms)
	FinalizeReload (416ms)
		ReleaseScriptCaches (0ms)
		RebuildScriptCaches (0ms)
		SetupLoadedEditorAssemblies (313ms)
			LogAssemblyErrors (0ms)
			InitializePlatformSupportModulesInManaged (21ms)
			SetLoadedEditorAssemblies (3ms)
			RefreshPlugins (0ms)
			BeforeProcessingInitializeOnLoad (42ms)
			ProcessInitializeOnLoadAttributes (229ms)
			ProcessInitializeOnLoadMethodAttributes (17ms)
			AfterProcessingInitializeOnLoad (1ms)
			EditorAssembliesLoaded (0ms)
		ExecutionOrderSort2 (0ms)
		AwakeInstancesAfterBackupRestoration (3ms)
Launching external process: /Applications/Unity/Hub/Editor/2022.3.9f1/Unity.app/Contents/Tools/UnityShaderCompiler
Launched and connected shader compiler UnityShaderCompiler after 0.05 seconds
Refreshing native plugins compatible for Editor in 1.90 ms, found 2 plugins.
Preloading 0 native plugins for Editor in 0.00 ms.
Unloading 3827 Unused Serialized files (Serialized files now loaded: 0)
Unloading 112 unused Assets / (27.2 MB). Loaded Objects now: 4241.
Memory consumption went from 201.2 MB to 174.0 MB.
Total: 24.387666 ms (FindLiveObjects: 0.138459 ms CreateObjectMapping: 0.048375 ms MarkObjects: 5.572125 ms  DeleteObjects: 18.627916 ms)

AssetImportParameters requested are different than current active one (requested -> active):
  custom:container-demuxer-ogg: 62fdf1f143b41e24485cea50d1cbac27 -> 
  custom:video-decoder-ogg-theora: a1e56fd34408186e4bbccfd4996cb3dc -> 
  custom:CustomObjectIndexerAttribute: 756ad292c208cfabdd7b50bc23989ffe -> 
  custom:container-demuxer-webm: 4f35f7cbe854078d1ac9338744f61a02 -> 
  custom:container-muxer-webm: aa71ff27fc2769a1b78a27578f13a17b -> 
  custom:video-decoder-webm-vp8: 9c59270c3fd7afecdb556c50c9e8de78 -> 
  custom:SearchIndexIgnoredProperties: e643bd26f0fe6173181afceb89e7c659 -> 
  custom:AudioImporter_EditorPlatform: 3918e3fc78b5a79bad01e8451be0beb8 -> 
  custom:framework-osx-AVFoundation: e770b220cccbd017edd2c1fefb359320 -> 
  custom:video-encoder-webm-vp8: eb34c28f22e8b96e1ab97ce403110664 -> 
  custom:audio-decoder-ogg-vorbis: bf7c407c2cedff20999df2af8eb42d56 -> 
  custom:audio-encoder-webm-vorbis: bf7c407c2cedff20999df2af8eb42d56 -> 
========================================================================
Received Import Request.
  Time since last request: 1064335.968631 seconds.
  path: Assets/Karting/Tutorials/Tutorials.asset
  artifactKey: Guid(08f5116c6f71aa548a00fbd1f56fa92e) Importer(815301076,1909f56bfc062723c751e8b465ee728b)
Start importing Assets/Karting/Tutorials/Tutorials.asset using Guid(08f5116c6f71aa548a00fbd1f56fa92e) Importer(815301076,1909f56bfc062723c751e8b465ee728b)  -> (artifact id: 'c52af4b73310cea1eeeedc0b80f85f2f') in 0.094441 seconds
Number of updated asset objects reloaded before import = 0
Number of asset objects unloaded after import = 148
========================================================================
Received Import Request.
  Time since last request: 0.000053 seconds.
  path: Assets/Karting/Tutorials/WelcomeDialog.asset
  artifactKey: Guid(52f0f4a57417740ea92501a52d39a8ea) Importer(815301076,1909f56bfc062723c751e8b465ee728b)
Start importing Assets/Karting/Tutorials/WelcomeDialog.asset using Guid(52f0f4a57417740ea92501a52d39a8ea) Importer(815301076,1909f56bfc062723c751e8b465ee728b)  -> (artifact id: '526599ce3acbf7140c388183d74691e5') in 0.002339 seconds
Number of updated asset objects reloaded before import = 0
Number of asset objects unloaded after import = 2
========================================================================
Received Import Request.
  Time since last request: 0.000104 seconds.
  path: Assets/Karting/Tutorials
  artifactKey: Guid(c4f60585933b24e06a3e11a5aaf2c6d7) Importer(815301076,1909f56bfc062723c751e8b465ee728b)
Start importing Assets/Karting/Tutorials using Guid(c4f60585933b24e06a3e11a5aaf2c6d7) Importer(815301076,1909f56bfc062723c751e8b465ee728b)  -> (artifact id: '96fd7b8d0792c295d43289c2cbccbdde') in 0.000329 seconds
Number of updated asset objects reloaded before import = 0
Number of asset objects unloaded after import = 0
========================================================================
Received Import Request.
  Time since last request: 0.000128 seconds.
  path: Assets/Karting/Tutorials/TutorialHeader.png
  artifactKey: Guid(1c7aa536c503744ffafe54d893a5816b) Importer(815301076,1909f56bfc062723c751e8b465ee728b)
Start importing Assets/Karting/Tutorials/TutorialHeader.png using Guid(1c7aa536c503744ffafe54d893a5816b) Importer(815301076,1909f56bfc062723c751e8b465ee728b)  -> (artifact id: '8c3cb06e4a1e2b4833e0da89d8823658') in 0.034591 seconds
Number of updated asset objects reloaded before import = 0
Number of asset objects unloaded after import = 2
========================================================================
Received Import Request.
  Time since last request: 1.014304 seconds.
  path: Assets/Karting/Tutorials/Tutorial1/Walkthrough1-01-Introduction.asset
  artifactKey: Guid(fc1ba142c7deb40408e4c114e5a0ff63) Importer(815301076,1909f56bfc062723c751e8b465ee728b)
Start importing Assets/Karting/Tutorials/Tutorial1/Walkthrough1-01-Introduction.asset using Guid(fc1ba142c7deb40408e4c114e5a0ff63) Importer(815301076,1909f56bfc062723c751e8b465ee728b)  -> (artifact id: '67bc4ad02ad4ee4f730ee93df08d9c52') in 0.001361 seconds
Number of updated asset objects reloaded before import = 0
Number of asset objects unloaded after import = 3
========================================================================
Received Import Request.
  Time since last request: 0.000131 seconds.
  path: Assets/Karting/Tutorials/Tutorial1/Walkthrough1-05-Select-Object.asset
  artifactKey: Guid(026d54c9344341844a19edbe01afebbe) Importer(815301076,1909f56bfc062723c751e8b465ee728b)
Start importing Assets/Karting/Tutorials/Tutorial1/Walkthrough1-05-Select-Object.asset using Guid(026d54c9344341844a19edbe01afebbe) Importer(815301076,1909f56bfc062723c751e8b465ee728b)  -> (artifact id: '236e5a01e39982090437a0d415e2c0a8') in 0.001150 seconds
Number of updated asset objects reloaded before import = 0
Number of asset objects unloaded after import = 6
========================================================================
Received Import Request.
  Time since last request: 0.000040 seconds.
  path: Assets/Karting/Tutorials/Tutorial1/WT-Hiearchy.png
  artifactKey: Guid(919c66dd6aa06460a9f21e558a5a2d50) Importer(815301076,1909f56bfc062723c751e8b465ee728b)
Start importing Assets/Karting/Tutorials/Tutorial1/WT-Hiearchy.png using Guid(919c66dd6aa06460a9f21e558a5a2d50) Importer(815301076,1909f56bfc062723c751e8b465ee728b)  -> (artifact id: 'f35e07e9a445504d841dee3b0d142cf4') in 0.004279 seconds
Number of updated asset objects reloaded before import = 0
Number of asset objects unloaded after import = 2
========================================================================
Received Import Request.
  Time since last request: 0.000056 seconds.
  path: Assets/Karting/Tutorials/Tutorial1/Walkthrough1-02-First-Play.asset
  artifactKey: Guid(612844087f48942d8b0855e60990f01a) Importer(815301076,1909f56bfc062723c751e8b465ee728b)
Start importing Assets/Karting/Tutorials/Tutorial1/Walkthrough1-02-First-Play.asset using Guid(612844087f48942d8b0855e60990f01a) Importer(815301076,1909f56bfc062723c751e8b465ee728b)  -> (artifact id: '5e379901e94536d5252a6682f1246936') in 0.001417 seconds
Number of updated asset objects reloaded before import = 0
Number of asset objects unloaded after import = 5
========================================================================
Received Import Request.
  Time since last request: 0.000077 seconds.
  path: Assets/Karting/Tutorials/Tutorial1/WT-Play.mov
  artifactKey: Guid(d69745293769a49ffb6955bb4862345c) Importer(815301076,1909f56bfc062723c751e8b465ee728b)
Start importing Assets/Karting/Tutorials/Tutorial1/WT-Play.mov using Guid(d69745293769a49ffb6955bb4862345c) Importer(815301076,1909f56bfc062723c751e8b465ee728b)  -> (artifact id: '8f3d598debf64a2e9c80ff604d1b0be1') in 0.000452 seconds
Number of updated asset objects reloaded before import = 0
Number of asset objects unloaded after import = 1
========================================================================
Received Import Request.
  Time since last request: 0.000048 seconds.
  path: Assets/Karting/Tutorials/Tutorial1/Walkthrough1-03-Exit-Play.asset
  artifactKey: Guid(67df256d36f564827ab6cce4308e8cf8) Importer(815301076,1909f56bfc062723c751e8b465ee728b)
Start importing Assets/Karting/Tutorials/Tutorial1/Walkthrough1-03-Exit-Play.asset using Guid(67df256d36f564827ab6cce4308e8cf8) Importer(815301076,1909f56bfc062723c751e8b465ee728b)  -> (artifact id: '91ff0fe8b075c5b1676863691ef868c6') in 0.000928 seconds
Number of updated asset objects reloaded before import = 0
Number of asset objects unloaded after import = 5
========================================================================
Received Import Request.
  Time since last request: 0.000031 seconds.
  path: Assets/Karting/Tutorials/Tutorial1/Walkthrough1-07-Edit-Speed.asset
  artifactKey: Guid(1ddadc0b2227c4f95b63cc350b714bd5) Importer(815301076,1909f56bfc062723c751e8b465ee728b)
Start importing Assets/Karting/Tutorials/Tutorial1/Walkthrough1-07-Edit-Speed.asset using Guid(1ddadc0b2227c4f95b63cc350b714bd5) Importer(815301076,1909f56bfc062723c751e8b465ee728b)  -> (artifact id: '75a718c2713de0bee540c360f8a1bb8f') in 0.000899 seconds
Number of updated asset objects reloaded before import = 0
Number of asset objects unloaded after import = 5
========================================================================
Received Import Request.
  Time since last request: 0.000095 seconds.
  path: Assets/Karting/Tutorials/Tutorial1/Walkthrough1-08-Play-New-Speed.asset
  artifactKey: Guid(563a8aba6d9a0a0418aae455804e1e85) Importer(815301076,1909f56bfc062723c751e8b465ee728b)
Start importing Assets/Karting/Tutorials/Tutorial1/Walkthrough1-08-Play-New-Speed.asset using Guid(563a8aba6d9a0a0418aae455804e1e85) Importer(815301076,1909f56bfc062723c751e8b465ee728b)  -> (artifact id: '20031871b2f7c5f5fc9c2c8d5962af2d') in 0.000976 seconds
Number of updated asset objects reloaded before import = 0
Number of asset objects unloaded after import = 5
========================================================================
Received Import Request.
  Time since last request: 0.000069 seconds.
  path: Assets/Karting/Tutorials/Tutorial1/WT-Inspector.png
  artifactKey: Guid(ae6835abb80fc4f0c949b54d00b1c63c) Importer(815301076,1909f56bfc062723c751e8b465ee728b)
Start importing Assets/Karting/Tutorials/Tutorial1/WT-Inspector.png using Guid(ae6835abb80fc4f0c949b54d00b1c63c) Importer(815301076,1909f56bfc062723c751e8b465ee728b)  -> (artifact id: '97c9eb207e1a5d6426d27246146c489d') in 0.003419 seconds
Number of updated asset objects reloaded before import = 0
Number of asset objects unloaded after import = 2
========================================================================
Received Import Request.
  Time since last request: 0.000031 seconds.
  path: Assets/Karting/Tutorials/Tutorial1/WT-Select-Gameobject.mov
  artifactKey: Guid(35304cdc4c526489ca8df1faeb57f5b3) Importer(815301076,1909f56bfc062723c751e8b465ee728b)
Start importing Assets/Karting/Tutorials/Tutorial1/WT-Select-Gameobject.mov using Guid(35304cdc4c526489ca8df1faeb57f5b3) Importer(815301076,1909f56bfc062723c751e8b465ee728b)  -> (artifact id: 'f6718f2a83e5980a2b6aa8fe71bcbbf1') in 0.000470 seconds
Number of updated asset objects reloaded before import = 0
Number of asset objects unloaded after import = 1
========================================================================
Received Import Request.
  Time since last request: 0.000118 seconds.
  path: Assets/Karting/Tutorials/Tutorial1/Walkthrough1-10-Done.asset
  artifactKey: Guid(0f9959ef5c21e45e4ac3e429fab617df) Importer(815301076,1909f56bfc062723c751e8b465ee728b)
Start importing Assets/Karting/Tutorials/Tutorial1/Walkthrough1-10-Done.asset using Guid(0f9959ef5c21e45e4ac3e429fab617df) Importer(815301076,1909f56bfc062723c751e8b465ee728b)  -> (artifact id: '6fdab51aaacb3f01483196548fcc0b44') in 0.037646 seconds
Number of updated asset objects reloaded before import = 0
Number of asset objects unloaded after import = 140
========================================================================
Received Import Request.
  Time since last request: 3.056423 seconds.
  path: Assets/Karting/Tutorials/Tutorial2/Walkthrough2-01-Introduction.asset
  artifactKey: Guid(d7197e78ba002ed479882ce5f34d5ee1) Importer(815301076,1909f56bfc062723c751e8b465ee728b)
Start importing Assets/Karting/Tutorials/Tutorial2/Walkthrough2-01-Introduction.asset using Guid(d7197e78ba002ed479882ce5f34d5ee1) Importer(815301076,1909f56bfc062723c751e8b465ee728b)  -> (artifact id: '5dc781e5659181fbf9d9026cf8bdb84d') in 0.001978 seconds
Number of updated asset objects reloaded before import = 0
Number of asset objects unloaded after import = 3
========================================================================
Received Import Request.
  Time since last request: 0.000069 seconds.
  path: Assets/Karting/Tutorials/Tutorial2/Walkthrough2-04-Change-Albedo.asset
  artifactKey: Guid(de6cb0d6d7b084050a01059553ea16cd) Importer(815301076,1909f56bfc062723c751e8b465ee728b)
Start importing Assets/Karting/Tutorials/Tutorial2/Walkthrough2-04-Change-Albedo.asset using Guid(de6cb0d6d7b084050a01059553ea16cd) Importer(815301076,1909f56bfc062723c751e8b465ee728b)  -> (artifact id: '6d72468fc448e98bb15a2ce5c82c4129') in 0.001176 seconds
Number of updated asset objects reloaded before import = 0
Number of asset objects unloaded after import = 6
========================================================================
Received Import Request.
  Time since last request: 0.000080 seconds.
  path: Assets/Karting/Tutorials/Tutorial2/WT-Select-Material.mov
  artifactKey: Guid(aa27f6f5398a045c38dde51db2ce310b) Importer(815301076,1909f56bfc062723c751e8b465ee728b)
Start importing Assets/Karting/Tutorials/Tutorial2/WT-Select-Material.mov using Guid(aa27f6f5398a045c38dde51db2ce310b) Importer(815301076,1909f56bfc062723c751e8b465ee728b)  -> (artifact id: '3d8c4641e90deea694103bb0951142ea') in 0.000454 seconds
Number of updated asset objects reloaded before import = 0
Number of asset objects unloaded after import = 1
========================================================================
Received Import Request.
  Time since last request: 0.000067 seconds.
  path: Assets/Karting/Tutorials/Tutorial2/Walkthrough2-05-Other-Materials.asset
  artifactKey: Guid(d201e3061e3cfdb4e8f4d8cb0909943d) Importer(815301076,1909f56bfc062723c751e8b465ee728b)
Start importing Assets/Karting/Tutorials/Tutorial2/Walkthrough2-05-Other-Materials.asset using Guid(d201e3061e3cfdb4e8f4d8cb0909943d) Importer(815301076,1909f56bfc062723c751e8b465ee728b)  -> (artifact id: '2503784198b51029761e4b253dfa2b26') in 0.000655 seconds
Number of updated asset objects reloaded before import = 0
Number of asset objects unloaded after import = 2
========================================================================
Received Import Request.
  Time since last request: 0.000126 seconds.
  path: Assets/Karting/Tutorials/Tutorial2/Walkthrough2-08-Done.asset
  artifactKey: Guid(e8cfa82377f45440181504b0de623967) Importer(815301076,1909f56bfc062723c751e8b465ee728b)
Start importing Assets/Karting/Tutorials/Tutorial2/Walkthrough2-08-Done.asset using Guid(e8cfa82377f45440181504b0de623967) Importer(815301076,1909f56bfc062723c751e8b465ee728b)  -> (artifact id: 'b948c5426d6a3e185e5703288df425ec') in 0.049428 seconds
Number of updated asset objects reloaded before import = 0
Number of asset objects unloaded after import = 140
========================================================================
Received Import Request.
  Time since last request: 1.164020 seconds.
  path: Assets/Karting/Tutorials/Tutorial3/Walkthrough3-01-Introduction.asset
  artifactKey: Guid(712d931472a604b86ae947ce442c91f4) Importer(815301076,1909f56bfc062723c751e8b465ee728b)
Start importing Assets/Karting/Tutorials/Tutorial3/Walkthrough3-01-Introduction.asset using Guid(712d931472a604b86ae947ce442c91f4) Importer(815301076,1909f56bfc062723c751e8b465ee728b)  -> (artifact id: 'a2e8bb773d07feb6682988ff952ec319') in 0.001379 seconds
Number of updated asset objects reloaded before import = 0
Number of asset objects unloaded after import = 3
========================================================================
Received Import Request.
  Time since last request: 0.000161 seconds.
  path: Assets/Karting/Tutorials/Tutorial3/WT-Zoom-Scene.png
  artifactKey: Guid(399c37fc1d3564274bb0b5fe83487ed2) Importer(815301076,1909f56bfc062723c751e8b465ee728b)
Start importing Assets/Karting/Tutorials/Tutorial3/WT-Zoom-Scene.png using Guid(399c37fc1d3564274bb0b5fe83487ed2) Importer(815301076,1909f56bfc062723c751e8b465ee728b)  -> (artifact id: '851bd5823b3d3fb0e4152848a5e5d634') in 0.005416 seconds
Number of updated asset objects reloaded before import = 0
Number of asset objects unloaded after import = 2
========================================================================
Received Import Request.
  Time since last request: 0.000139 seconds.
  path: Assets/Karting/Tutorials/Tutorial3/WT-Pan-Hand-Tool.mov
  artifactKey: Guid(92a75e2aa8c21497994933d0354846e6) Importer(815301076,1909f56bfc062723c751e8b465ee728b)
Start importing Assets/Karting/Tutorials/Tutorial3/WT-Pan-Hand-Tool.mov using Guid(92a75e2aa8c21497994933d0354846e6) Importer(815301076,1909f56bfc062723c751e8b465ee728b)  -> (artifact id: '5d5a9010d5c4d9cb63705749e5c2141e') in 0.000578 seconds
Number of updated asset objects reloaded before import = 0
Number of asset objects unloaded after import = 1
========================================================================
Received Import Request.
  Time since last request: 0.000166 seconds.
  path: Assets/Karting/Tutorials/Tutorial3/Walkthrough3-03-Hand-Tool.asset
  artifactKey: Guid(be18c412097e64f4d879aad1e2f17764) Importer(815301076,1909f56bfc062723c751e8b465ee728b)
Start importing Assets/Karting/Tutorials/Tutorial3/Walkthrough3-03-Hand-Tool.asset using Guid(be18c412097e64f4d879aad1e2f17764) Importer(815301076,1909f56bfc062723c751e8b465ee728b)  -> (artifact id: '43cf5b25c9b27390aff77599b758ee2f') in 0.000925 seconds
Number of updated asset objects reloaded before import = 0
Number of asset objects unloaded after import = 5
========================================================================
Received Import Request.
  Time since last request: 0.000166 seconds.
  path: Assets/Karting/Tutorials/Tutorial3/Walkthrough3-08-Done.asset
  artifactKey: Guid(e88567c6bec8848d8b483c4effc860fa) Importer(815301076,1909f56bfc062723c751e8b465ee728b)
Start importing Assets/Karting/Tutorials/Tutorial3/Walkthrough3-08-Done.asset using Guid(e88567c6bec8848d8b483c4effc860fa) Importer(815301076,1909f56bfc062723c751e8b465ee728b)  -> (artifact id: '5864d50d572744bcf984a8bc2af8ebef') in 0.038066 seconds
Number of updated asset objects reloaded before import = 0
Number of asset objects unloaded after import = 140
========================================================================
Received Import Request.
  Time since last request: 0.000040 seconds.
  path: Assets/Karting/Tutorials/Tutorial3/WT-Project-Window.png
  artifactKey: Guid(9c7a198f4dc69414789fc860c1ab170e) Importer(815301076,1909f56bfc062723c751e8b465ee728b)
Start importing Assets/Karting/Tutorials/Tutorial3/WT-Project-Window.png using Guid(9c7a198f4dc69414789fc860c1ab170e) Importer(815301076,1909f56bfc062723c751e8b465ee728b)  -> (artifact id: 'ca6d27770e76ea54d33af6c9760a2c31') in 0.004849 seconds
Number of updated asset objects reloaded before import = 0
Number of asset objects unloaded after import = 2
========================================================================
Received Import Request.
  Time since last request: 0.000067 seconds.
  path: Assets/Karting/Tutorials/Tutorial3/Walkthrough3-02-Scene-View.asset
  artifactKey: Guid(ae39675d196364835b28f380e2190b8b) Importer(815301076,1909f56bfc062723c751e8b465ee728b)
Start importing Assets/Karting/Tutorials/Tutorial3/Walkthrough3-02-Scene-View.asset using Guid(ae39675d196364835b28f380e2190b8b) Importer(815301076,1909f56bfc062723c751e8b465ee728b)  -> (artifact id: '41210a44a9fb2d6346eec479e019fb79') in 0.000936 seconds
Number of updated asset objects reloaded before import = 0
Number of asset objects unloaded after import = 3
========================================================================
Received Import Request.
  Time since last request: 0.000088 seconds.
  path: Assets/Karting/Tutorials/Tutorial3/Walkthrough3-04-Try-Hand-Tool.asset
  artifactKey: Guid(d976f93f028d14baa92454948e884504) Importer(815301076,1909f56bfc062723c751e8b465ee728b)
Start importing Assets/Karting/Tutorials/Tutorial3/Walkthrough3-04-Try-Hand-Tool.asset using Guid(d976f93f028d14baa92454948e884504) Importer(815301076,1909f56bfc062723c751e8b465ee728b)  -> (artifact id: 'c047e51818b90350d22aa66dac137a3f') in 0.001027 seconds
Number of updated asset objects reloaded before import = 0
Number of asset objects unloaded after import = 5
========================================================================
Received Import Request.
  Time since last request: 1.748031 seconds.
  path: Assets/Karting/Tutorials/Tutorial4/Walkthrough4-005.asset
  artifactKey: Guid(a3c0acd3a97a8464ea283a617b2bb20c) Importer(815301076,1909f56bfc062723c751e8b465ee728b)
Start importing Assets/Karting/Tutorials/Tutorial4/Walkthrough4-005.asset using Guid(a3c0acd3a97a8464ea283a617b2bb20c) Importer(815301076,1909f56bfc062723c751e8b465ee728b)  -> (artifact id: 'ef36561ce926dd1d0f7e912346e08723') in 0.001696 seconds
Number of updated asset objects reloaded before import = 0
Number of asset objects unloaded after import = 3
========================================================================
Received Import Request.
  Time since last request: 0.000170 seconds.
  path: Assets/Karting/Tutorials/Tutorial4/WT-Drag-Prefab.mov
  artifactKey: Guid(3c125d5c0dc6d43c0aa871ef5cb1be5c) Importer(815301076,1909f56bfc062723c751e8b465ee728b)
Start importing Assets/Karting/Tutorials/Tutorial4/WT-Drag-Prefab.mov using Guid(3c125d5c0dc6d43c0aa871ef5cb1be5c) Importer(815301076,1909f56bfc062723c751e8b465ee728b)  -> (artifact id: 'a254aed01b44857b7515ee236e1ad30d') in 0.000468 seconds
Number of updated asset objects reloaded before import = 0
Number of asset objects unloaded after import = 1
========================================================================
Received Import Request.
  Time since last request: 0.000117 seconds.
  path: Assets/Karting/Tutorials/Tutorial4/Walkthrough4-020.asset
  artifactKey: Guid(be261f07c71d3462bbf00524e82591ad) Importer(815301076,1909f56bfc062723c751e8b465ee728b)
Start importing Assets/Karting/Tutorials/Tutorial4/Walkthrough4-020.asset using Guid(be261f07c71d3462bbf00524e82591ad) Importer(815301076,1909f56bfc062723c751e8b465ee728b)  -> (artifact id: '55e55a92e2bfbd933cefc6cfbce30afe') in 0.001328 seconds
Number of updated asset objects reloaded before import = 0
Number of asset objects unloaded after import = 15
========================================================================
Received Import Request.
  Time since last request: 0.000077 seconds.
  path: Assets/Karting/Tutorials/Tutorial4/Walkthrough4-025.asset
  artifactKey: Guid(925c9c088984d4481ba4151bb9eba820) Importer(815301076,1909f56bfc062723c751e8b465ee728b)
Start importing Assets/Karting/Tutorials/Tutorial4/Walkthrough4-025.asset using Guid(925c9c088984d4481ba4151bb9eba820) Importer(815301076,1909f56bfc062723c751e8b465ee728b)  -> (artifact id: 'ee1f948b834400c54c700a36edf84a80') in 0.001662 seconds
Number of updated asset objects reloaded before import = 0
Number of asset objects unloaded after import = 5
========================================================================
Received Import Request.
  Time since last request: 0.000133 seconds.
  path: Assets/Karting/Tutorials/Tutorial4/Walkthrough4-038.asset
  artifactKey: Guid(f7b1836921553457a85206d04cf113c7) Importer(815301076,1909f56bfc062723c751e8b465ee728b)
Start importing Assets/Karting/Tutorials/Tutorial4/Walkthrough4-038.asset using Guid(f7b1836921553457a85206d04cf113c7) Importer(815301076,1909f56bfc062723c751e8b465ee728b)  -> (artifact id: '9a756e847302c55789f4b00c7a624826') in 0.000724 seconds
Number of updated asset objects reloaded before import = 0
Number of asset objects unloaded after import = 3
========================================================================
Received Import Request.
  Time since last request: 0.000059 seconds.
  path: Assets/Karting/Tutorials/Tutorial4/WT-Move-Object.mov
  artifactKey: Guid(7498e49bfbfa841ecb3e2dfb6ed9e484) Importer(815301076,1909f56bfc062723c751e8b465ee728b)
Start importing Assets/Karting/Tutorials/Tutorial4/WT-Move-Object.mov using Guid(7498e49bfbfa841ecb3e2dfb6ed9e484) Importer(815301076,1909f56bfc062723c751e8b465ee728b)  -> (artifact id: '93a63c56bc81ba751bfdd84b2c3f9c4f') in 0.000503 seconds
Number of updated asset objects reloaded before import = 0
Number of asset objects unloaded after import = 1
========================================================================
Received Import Request.
  Time since last request: 0.000090 seconds.
  path: Assets/Karting/Tutorials/Tutorial4/Walkthrough4-035.asset
  artifactKey: Guid(423bbef88c09e457caf11e626b5039fa) Importer(815301076,1909f56bfc062723c751e8b465ee728b)
Start importing Assets/Karting/Tutorials/Tutorial4/Walkthrough4-035.asset using Guid(423bbef88c09e457caf11e626b5039fa) Importer(815301076,1909f56bfc062723c751e8b465ee728b)  -> (artifact id: '24e42708a24f79ec47f49213972c020a') in 0.000793 seconds
Number of updated asset objects reloaded before import = 0
Number of asset objects unloaded after import = 3
========================================================================
Received Import Request.
  Time since last request: 0.000059 seconds.
  path: Assets/Karting/Tutorials/Tutorial4/WT-Frame-Prefab.png
  artifactKey: Guid(c182f9fcc248b45478168b1b59e5e5db) Importer(815301076,1909f56bfc062723c751e8b465ee728b)
Start importing Assets/Karting/Tutorials/Tutorial4/WT-Frame-Prefab.png using Guid(c182f9fcc248b45478168b1b59e5e5db) Importer(815301076,1909f56bfc062723c751e8b465ee728b)  -> (artifact id: '8793f881d699c99dcdddff2591f3dec9') in 0.006767 seconds
Number of updated asset objects reloaded before import = 0
Number of asset objects unloaded after import = 2
========================================================================
Received Import Request.
  Time since last request: 0.000234 seconds.
  path: Assets/Karting/Tutorials/Tutorial4/WT-Project-Window-Prefab.png
  artifactKey: Guid(7c4cbf7a27eb34a3f8679cc1b7d81533) Importer(815301076,1909f56bfc062723c751e8b465ee728b)
Start importing Assets/Karting/Tutorials/Tutorial4/WT-Project-Window-Prefab.png using Guid(7c4cbf7a27eb34a3f8679cc1b7d81533) Importer(815301076,1909f56bfc062723c751e8b465ee728b)  -> (artifact id: '3dd65d580bafa63911345e26022a4a00') in 0.004570 seconds
Number of updated asset objects reloaded before import = 0
Number of asset objects unloaded after import = 2
========================================================================
Received Import Request.
  Time since last request: 0.000129 seconds.
  path: Assets/Karting/Tutorials/Tutorial4/WT-Other-Tools.png
  artifactKey: Guid(52cfa90066af1461fa853fa8536a19dc) Importer(815301076,1909f56bfc062723c751e8b465ee728b)
Start importing Assets/Karting/Tutorials/Tutorial4/WT-Other-Tools.png using Guid(52cfa90066af1461fa853fa8536a19dc) Importer(815301076,1909f56bfc062723c751e8b465ee728b)  -> (artifact id: '5ecfec86a790ea383ff4e2ac253d1d1e') in 0.003778 seconds
Number of updated asset objects reloaded before import = 0
Number of asset objects unloaded after import = 2
========================================================================
Received Import Request.
  Time since last request: 0.000109 seconds.
  path: Assets/Karting/Tutorials/Tutorial4/WT-Select-Prefab.mov
  artifactKey: Guid(c41c34429a6a74d10bb842e196799bcb) Importer(815301076,1909f56bfc062723c751e8b465ee728b)
Start importing Assets/Karting/Tutorials/Tutorial4/WT-Select-Prefab.mov using Guid(c41c34429a6a74d10bb842e196799bcb) Importer(815301076,1909f56bfc062723c751e8b465ee728b)  -> (artifact id: '9cfc019c2aab43e900bd18265e6a7b5c') in 0.000610 seconds
Number of updated asset objects reloaded before import = 0
Number of asset objects unloaded after import = 1
========================================================================
Received Import Request.
  Time since last request: 0.000121 seconds.
  path: Assets/Karting/Tutorials/Tutorial4/WT-Select-Move.mov
  artifactKey: Guid(94f6d91b6f1fc4ae7a781af6b7e8e0f6) Importer(815301076,1909f56bfc062723c751e8b465ee728b)
Start importing Assets/Karting/Tutorials/Tutorial4/WT-Select-Move.mov using Guid(94f6d91b6f1fc4ae7a781af6b7e8e0f6) Importer(815301076,1909f56bfc062723c751e8b465ee728b)  -> (artifact id: 'bf4a788e5daa3ff54655f266d0c3d05c') in 0.000720 seconds
Number of updated asset objects reloaded before import = 0
Number of asset objects unloaded after import = 1
========================================================================
Received Import Request.
  Time since last request: 0.000071 seconds.
  path: Assets/Karting/Tutorials/Tutorial4/Walkthrough4-006.asset
  artifactKey: Guid(1646972b18d5d4223ae5eddd7419a5cb) Importer(815301076,1909f56bfc062723c751e8b465ee728b)
Start importing Assets/Karting/Tutorials/Tutorial4/Walkthrough4-006.asset using Guid(1646972b18d5d4223ae5eddd7419a5cb) Importer(815301076,1909f56bfc062723c751e8b465ee728b)  -> (artifact id: 'df82f038b250b3890a40f0e0fb59dfda') in 0.001126 seconds
Number of updated asset objects reloaded before import = 0
Number of asset objects unloaded after import = 5
========================================================================
Received Import Request.
  Time since last request: 0.000036 seconds.
  path: Assets/Karting/Tutorials/Tutorial4/Walkthrough4-031.asset
  artifactKey: Guid(fb1142c575fff4f0abbd81cfa7064e2c) Importer(815301076,1909f56bfc062723c751e8b465ee728b)
Start importing Assets/Karting/Tutorials/Tutorial4/Walkthrough4-031.asset using Guid(fb1142c575fff4f0abbd81cfa7064e2c) Importer(815301076,1909f56bfc062723c751e8b465ee728b)  -> (artifact id: 'fd7800652dcce6505635deb654f0f2bf') in 0.000750 seconds
Number of updated asset objects reloaded before import = 0
Number of asset objects unloaded after import = 5
========================================================================
Received Import Request.
  Time since last request: 3.354769 seconds.
  path: Assets/Karting/Tutorials/BuildAndPublish/Walkthrough7-005.asset
  artifactKey: Guid(2e886da6f6aba0f47b6241a2700a78b9) Importer(815301076,1909f56bfc062723c751e8b465ee728b)
Start importing Assets/Karting/Tutorials/BuildAndPublish/Walkthrough7-005.asset using Guid(2e886da6f6aba0f47b6241a2700a78b9) Importer(815301076,1909f56bfc062723c751e8b465ee728b)  -> (artifact id: 'b1fcc5136989025dfdd6193079103996') in 0.001154 seconds
Number of updated asset objects reloaded before import = 0
Number of asset objects unloaded after import = 3
========================================================================
Received Import Request.
  Time since last request: 0.000112 seconds.
  path: Assets/Karting/Tutorials/BuildAndPublish/Walkthrough7-025.asset
  artifactKey: Guid(9903de0d10380094eb753dcdac1f5e68) Importer(815301076,1909f56bfc062723c751e8b465ee728b)
Start importing Assets/Karting/Tutorials/BuildAndPublish/Walkthrough7-025.asset using Guid(9903de0d10380094eb753dcdac1f5e68) Importer(815301076,1909f56bfc062723c751e8b465ee728b)  -> (artifact id: '67ec11ee5fdc0521a81d64a960b71528') in 0.001162 seconds
Number of updated asset objects reloaded before import = 0
Number of asset objects unloaded after import = 6
========================================================================
Received Import Request.
  Time since last request: 0.000528 seconds.
  path: Assets/Karting/Tutorials/BuildAndPublish/WT-OpenPublisher.png
  artifactKey: Guid(837030d6eaeb92b4aaba503b87f17491) Importer(815301076,1909f56bfc062723c751e8b465ee728b)
Start importing Assets/Karting/Tutorials/BuildAndPublish/WT-OpenPublisher.png using Guid(837030d6eaeb92b4aaba503b87f17491) Importer(815301076,1909f56bfc062723c751e8b465ee728b)  -> (artifact id: '71833ceaac72cb72373ba55b8a577beb') in 0.063793 seconds
Number of updated asset objects reloaded before import = 0
Number of asset objects unloaded after import = 3
========================================================================
Received Import Request.
  Time since last request: 2.303686 seconds.
  path: Assets/Karting/Tutorials/BuildAndPublish/Criteria/Unity.Microgame.Tutorials.asmdef
  artifactKey: Guid(91426e0839faeb34d86ad8835bdfb743) Importer(815301076,1909f56bfc062723c751e8b465ee728b)
Start importing Assets/Karting/Tutorials/BuildAndPublish/Criteria/Unity.Microgame.Tutorials.asmdef using Guid(91426e0839faeb34d86ad8835bdfb743) Importer(815301076,1909f56bfc062723c751e8b465ee728b)  -> (artifact id: '159d363d6e824a80685ea72f0600e646') in 0.000390 seconds
Number of updated asset objects reloaded before import = 0
Number of asset objects unloaded after import = 0
========================================================================
Received Prepare
Begin MonoManager ReloadAssembly
Thread 0x16e5d3000 may have been prematurely finalized
Symbol file LoadedFromMemory is not a mono symbol file
- Loaded All Assemblies, in  0.639 seconds
Refreshing native plugins compatible for Editor in 2.00 ms, found 2 plugins.
Native extension for LinuxStandalone target not found
Native extension for OSXStandalone target not found
[MODES] ModeService[none].Initialize
[MODES] ModeService[none].LoadModes
[MODES] Loading mode Default (0) for mode-current-id-3D
[Package Manager] Server::EnsureServerProcessIsRunning -- launch failed, reason: Unity was launched with the -noUpm command-line argument
[Package Manager] UpmClient::Send -- Unable to send message (not connected to UPM process).
[Package Manager] Cannot connect to Unity Package Manager local server
Mono: successfully reloaded assembly
- Finished resetting the current domain, in  0.813 seconds
Domain Reload Profiling: 1452ms
	BeginReloadAssembly (424ms)
		ExecutionOrderSort (0ms)
		DisableScriptedObjects (3ms)
		BackupInstance (0ms)
		ReleaseScriptingObjects (0ms)
		CreateAndSetChildDomain (40ms)
	RebuildCommonClasses (23ms)
	RebuildNativeTypeToScriptingClass (8ms)
	initialDomainReloadingComplete (30ms)
	LoadAllAssembliesAndSetupDomain (154ms)
		LoadAssemblies (175ms)
		RebuildTransferFunctionScriptingTraits (0ms)
		AnalyzeDomain (11ms)
			TypeCache.Refresh (6ms)
				TypeCache.ScanAssembly (0ms)
			ScanForSourceGeneratedMonoScriptInfo (0ms)
			ResolveRequiredComponents (4ms)
	FinalizeReload (813ms)
		ReleaseScriptCaches (0ms)
		RebuildScriptCaches (0ms)
		SetupLoadedEditorAssemblies (354ms)
			LogAssemblyErrors (0ms)
			InitializePlatformSupportModulesInManaged (28ms)
			SetLoadedEditorAssemblies (3ms)
			RefreshPlugins (0ms)
			BeforeProcessingInitializeOnLoad (54ms)
			ProcessInitializeOnLoadAttributes (248ms)
			ProcessInitializeOnLoadMethodAttributes (20ms)
			AfterProcessingInitializeOnLoad (1ms)
			EditorAssembliesLoaded (0ms)
		ExecutionOrderSort2 (0ms)
		AwakeInstancesAfterBackupRestoration (2ms)
Refreshing native plugins compatible for Editor in 3.26 ms, found 2 plugins.
Preloading 0 native plugins for Editor in 0.00 ms.
Unloading 3720 Unused Serialized files (Serialized files now loaded: 0)
Unloading 107 unused Assets / (27.2 MB). Loaded Objects now: 4253.
Memory consumption went from 183.9 MB to 156.7 MB.
Total: 5.018875 ms (FindLiveObjects: 0.127291 ms CreateObjectMapping: 0.046250 ms MarkObjects: 2.641708 ms  DeleteObjects: 2.203125 ms)

Prepare: number of updated asset objects reloaded= 0
AssetImportParameters requested are different than current active one (requested -> active):
  custom:container-demuxer-ogg: 62fdf1f143b41e24485cea50d1cbac27 -> 
  custom:video-decoder-ogg-theora: a1e56fd34408186e4bbccfd4996cb3dc -> 
  custom:CustomObjectIndexerAttribute: 756ad292c208cfabdd7b50bc23989ffe -> 
  custom:container-demuxer-webm: 4f35f7cbe854078d1ac9338744f61a02 -> 
  custom:container-muxer-webm: aa71ff27fc2769a1b78a27578f13a17b -> 
  custom:video-decoder-webm-vp8: 9c59270c3fd7afecdb556c50c9e8de78 -> 
  custom:SearchIndexIgnoredProperties: e643bd26f0fe6173181afceb89e7c659 -> 
  custom:AudioImporter_EditorPlatform: 3918e3fc78b5a79bad01e8451be0beb8 -> 
  custom:framework-osx-AVFoundation: e770b220cccbd017edd2c1fefb359320 -> 
  custom:video-encoder-webm-vp8: eb34c28f22e8b96e1ab97ce403110664 -> 
  custom:audio-decoder-ogg-vorbis: bf7c407c2cedff20999df2af8eb42d56 -> 
  custom:audio-encoder-webm-vorbis: bf7c407c2cedff20999df2af8eb42d56 -> 
========================================================================
Received Prepare
Refreshing native plugins compatible for Editor in 7.01 ms, found 2 plugins.
Preloading 0 native plugins for Editor in 0.00 ms.
Unloading 40 Unused Serialized files (Serialized files now loaded: 0)
Unloading 40 unused Assets / (27.2 MB). Loaded Objects now: 4253.
Memory consumption went from 125.5 MB to 98.3 MB.
Total: 30.621292 ms (FindLiveObjects: 0.203417 ms CreateObjectMapping: 0.047542 ms MarkObjects: 27.407125 ms  DeleteObjects: 2.962333 ms)

Prepare: number of updated asset objects reloaded= 0
AssetImportParameters requested are different than current active one (requested -> active):
  custom:container-demuxer-ogg: 62fdf1f143b41e24485cea50d1cbac27 -> 
  custom:video-decoder-ogg-theora: a1e56fd34408186e4bbccfd4996cb3dc -> 
  custom:CustomObjectIndexerAttribute: 756ad292c208cfabdd7b50bc23989ffe -> 
  custom:container-demuxer-webm: 4f35f7cbe854078d1ac9338744f61a02 -> 
  custom:container-muxer-webm: aa71ff27fc2769a1b78a27578f13a17b -> 
  custom:video-decoder-webm-vp8: 9c59270c3fd7afecdb556c50c9e8de78 -> 
  custom:SearchIndexIgnoredProperties: e643bd26f0fe6173181afceb89e7c659 -> 
  custom:AudioImporter_EditorPlatform: 3918e3fc78b5a79bad01e8451be0beb8 -> 
  custom:framework-osx-AVFoundation: e770b220cccbd017edd2c1fefb359320 -> 
  custom:video-encoder-webm-vp8: eb34c28f22e8b96e1ab97ce403110664 -> 
  custom:audio-decoder-ogg-vorbis: bf7c407c2cedff20999df2af8eb42d56 -> 
  custom:audio-encoder-webm-vorbis: bf7c407c2cedff20999df2af8eb42d56 -> 
TcpMessagingSession - receive error
AssetImportWorkerClient::OnTransportError - code=2 error=End of file
