
=== Fri Sep  8 12:38:36 2023

Packages were changed.
Update Mode: mergeDefaultDependencies

The following packages were added:
  com.unity.collab-proxy@1.2.16
  com.unity.ide.rider@1.1.4
  com.unity.ide.vscode@1.2.1
  com.unity.modules.ai@1.0.0
  com.unity.modules.androidjni@1.0.0
  com.unity.modules.cloth@1.0.0
  com.unity.modules.terrain@1.0.0
  com.unity.modules.terrainphysics@1.0.0
  com.unity.modules.tilemap@1.0.0
  com.unity.modules.uielements@1.0.0
  com.unity.modules.umbra@1.0.0
  com.unity.modules.unityanalytics@1.0.0
  com.unity.modules.wind@1.0.0
  com.unity.test-framework@1.1.16
The following packages were updated:
  com.unity.textmeshpro from version 2.0.1 to 2.1.1
  com.unity.timeline from version 1.2.14 to 1.2.16

=== Wed Sep 13 16:45:37 2023

Packages were changed.
Update Mode: updateDependencies

The following packages were added:
  com.unity.ide.visualstudio@2.0.18
  com.unity.ai.navigation@1.1.4
The following packages were updated:
  com.unity.barracuda from version 1.0.1 to 3.0.0
  com.unity.cinemachine from version 2.5.0 to 2.9.5
  com.unity.collab-proxy from version 1.2.16 to 2.0.5
  com.unity.connect.share from version 2.0.3 to 4.2.3
  com.unity.ide.rider from version 1.1.4 to 3.0.24
  com.unity.ide.vscode from version 1.2.1 to 1.2.5
  com.unity.learn.iet-framework from version 1.0.1 to 3.1.3
  com.unity.ml-agents from version 1.0.3 to 2.0.1
  com.unity.postprocessing from version 2.3.0 to 3.2.2
  com.unity.probuilder from version 4.2.3 to 5.1.0
  com.unity.test-framework from version 1.1.16 to 1.1.33
  com.unity.textmeshpro from version 2.1.1 to 3.0.6
  com.unity.timeline from version 1.2.16 to 1.7.5

=== Wed Sep 13 17:45:19 2023

Packages were changed.
Update Mode: updateDependencies

The following packages were updated:
  com.unity.collab-proxy from version 2.0.5 to 2.0.7
  com.unity.probuilder from version 5.1.0 to 5.1.1
